demoapp/build/outputs/logs/manifest-merger-debug-report.txt
-- Merging decision tree log ---
manifest
ADDED from src/main/AndroidManifest.xml:18:1-76:12
	package
		ADDED from src/main/AndroidManifest.xml:18:70-101
		INJECTED from src/main/AndroidManifest.xml
		INJECTED from src/main/AndroidManifest.xml
	android:versionName
		INJECTED from src/main/AndroidManifest.xml
		INJECTED from src/main/AndroidManifest.xml
	xmlns:android
		ADDED from src/main/AndroidManifest.xml:18:11-69
uses-permission#android.permission.INTERNET
ADDED from src/main/AndroidManifest.xml:21:5-66
	android:name
		ADDED from src/main/AndroidManifest.xml:21:22-64
uses-permission#android.permission.ACCESS_NETWORK_STATE
ADDED from src/main/AndroidManifest.xml:22:5-78
	android:name
		ADDED from src/main/AndroidManifest.xml:22:22-76
application
ADDED from src/main/AndroidManifest.xml:24:5-75:19
MERGED from [com.squareup.leakcanary:leakcanary-android:1.5] AndroidManifest.xml:28:5-57:19
	android:label
		ADDED from src/main/AndroidManifest.xml:25:18-57
	android:icon
		ADDED from src/main/AndroidManifest.xml:27:18-54
	android:theme
		ADDED from src/main/AndroidManifest.xml:26:18-82
	android:name
		ADDED from src/main/AndroidManifest.xml:24:18-49
activity#com.androidplot.demos.MainActivity
ADDED from src/main/AndroidManifest.xml:29:9-35:20
	android:label
		ADDED from src/main/AndroidManifest.xml:30:19-51
	android:name
		ADDED from src/main/AndroidManifest.xml:29:19-47
intent-filter#android.intent.action.MAIN+android.intent.category.LAUNCHER
ADDED from src/main/AndroidManifest.xml:31:13-34:29
action#android.intent.action.MAIN
ADDED from src/main/AndroidManifest.xml:32:17-69
	android:name
		ADDED from src/main/AndroidManifest.xml:32:25-66
category#android.intent.category.LAUNCHER
ADDED from src/main/AndroidManifest.xml:33:17-77
	android:name
		ADDED from src/main/AndroidManifest.xml:33:27-74
activity#com.androidplot.demos.SimplePieChartActivity
ADDED from src/main/AndroidManifest.xml:36:9-41:20
	android:label
		ADDED from src/main/AndroidManifest.xml:37:19-51
	android:name
		ADDED from src/main/AndroidManifest.xml:36:19-57
intent-filter#android.intent.category.LAUNCHER
ADDED from src/main/AndroidManifest.xml:38:13-40:29
activity#com.androidplot.demos.SimpleXYPlotActivity
ADDED from src/main/AndroidManifest.xml:42:9-47:20
	android:label
		ADDED from src/main/AndroidManifest.xml:43:19-51
	android:name
		ADDED from src/main/AndroidManifest.xml:42:19-55
activity#com.androidplot.demos.ScatterPlotActivity
ADDED from src/main/AndroidManifest.xml:48:9-53:20
	android:label
		ADDED from src/main/AndroidManifest.xml:49:19-51
	android:name
		ADDED from src/main/AndroidManifest.xml:48:19-54
activity#com.androidplot.demos.BarPlotExampleActivity
ADDED from src/main/AndroidManifest.xml:54:9-59:20
	android:label
		ADDED from src/main/AndroidManifest.xml:55:19-51
	android:name
		ADDED from src/main/AndroidManifest.xml:54:19-57
activity#com.androidplot.demos.TimeSeriesActivity
ADDED from src/main/AndroidManifest.xml:60:9-55
	android:name
		ADDED from src/main/AndroidManifest.xml:60:19-53
receiver#com.androidplot.demos.widget.DemoAppWidgetProvider
ADDED from src/main/AndroidManifest.xml:63:9-74:20
	android:label
		ADDED from src/main/AndroidManifest.xml:65:17-47
	android:icon
		ADDED from src/main/AndroidManifest.xml:64:17-53
	android:name
		ADDED from src/main/AndroidManifest.xml:66:17-82
intent-filter#android.appwidget.action.APPWIDGET_UPDATE
ADDED from src/main/AndroidManifest.xml:67:13-69:29
action#android.appwidget.action.APPWIDGET_UPDATE
ADDED from src/main/AndroidManifest.xml:68:17-84
	android:name
		ADDED from src/main/AndroidManifest.xml:68:25-81
meta-data#android.appwidget.provider
ADDED from src/main/AndroidManifest.xml:71:13-73:77
	android:resource
		ADDED from src/main/AndroidManifest.xml:73:21-74
	android:name
		ADDED from src/main/AndroidManifest.xml:72:21-62
uses-sdk
INJECTED from src/main/AndroidManifest.xml reason: use-sdk injection requested
MERGED from [com.androidplot:androidplot-core:1.2.3] AndroidManifest.xml:25:5-27:41
MERGED from [com.halfhp.fig:figlib:1.0.3] AndroidManifest.xml:7:5-9:41
MERGED from [com.squareup.leakcanary:leakcanary-android:1.5] AndroidManifest.xml:20:5-22:41
	android:targetSdkVersion
		INJECTED from src/main/AndroidManifest.xml
		INJECTED from src/main/AndroidManifest.xml
	android:minSdkVersion
		INJECTED from src/main/AndroidManifest.xml
		INJECTED from src/main/AndroidManifest.xml
uses-permission#android.permission.READ_EXTERNAL_STORAGE
ADDED from [com.squareup.leakcanary:leakcanary-android:1.5] AndroidManifest.xml:25:5-80
	android:name
		ADDED from [com.squareup.leakcanary:leakcanary-android:1.5] AndroidManifest.xml:25:22-77
uses-permission#android.permission.WRITE_EXTERNAL_STORAGE
ADDED from [com.squareup.leakcanary:leakcanary-android:1.5] AndroidManifest.xml:26:5-81
	android:name
		ADDED from [com.squareup.leakcanary:leakcanary-android:1.5] AndroidManifest.xml:26:22-78
service#com.squareup.leakcanary.internal.HeapAnalyzerService
ADDED from [com.squareup.leakcanary:leakcanary-android:1.5] AndroidManifest.xml:29:9-32:45
	android:enabled
		ADDED from [com.squareup.leakcanary:leakcanary-android:1.5] AndroidManifest.xml:31:13-36
	android:process
		ADDED from [com.squareup.leakcanary:leakcanary-android:1.5] AndroidManifest.xml:32:13-42
	android:name
		ADDED from [com.squareup.leakcanary:leakcanary-android:1.5] AndroidManifest.xml:30:13-80
service#com.squareup.leakcanary.DisplayLeakService
ADDED from [com.squareup.leakcanary:leakcanary-android:1.5] AndroidManifest.xml:33:9-35:39
	android:enabled
		ADDED from [com.squareup.leakcanary:leakcanary-android:1.5] AndroidManifest.xml:35:13-36
	android:name
		ADDED from [com.squareup.leakcanary:leakcanary-android:1.5] AndroidManifest.xml:34:13-70
activity#com.squareup.leakcanary.internal.DisplayLeakActivity
ADDED from [com.squareup.leakcanary:leakcanary-android:1.5] AndroidManifest.xml:37:9-49:20
	android:enabled
		ADDED from [com.squareup.leakcanary:leakcanary-android:1.5] AndroidManifest.xml:39:13-36
	android:label
		ADDED from [com.squareup.leakcanary:leakcanary-android:1.5] AndroidManifest.xml:41:13-71
	android:icon
		ADDED from [com.squareup.leakcanary:leakcanary-android:1.5] AndroidManifest.xml:40:13-54
	android:theme
		ADDED from [com.squareup.leakcanary:leakcanary-android:1.5] AndroidManifest.xml:43:13-63
	android:taskAffinity
		ADDED from [com.squareup.leakcanary:leakcanary-android:1.5] AndroidManifest.xml:42:13-59
	android:name
		ADDED from [com.squareup.leakcanary:leakcanary-android:1.5] AndroidManifest.xml:38:13-80
activity#com.squareup.leakcanary.internal.RequestStoragePermissionActivity
ADDED from [com.squareup.leakcanary:leakcanary-android:1.5] AndroidManifest.xml:50:9-56:68
	android:enabled
		ADDED from [com.squareup.leakcanary:leakcanary-android:1.5] AndroidManifest.xml:52:13-36
	android:label
		ADDED from [com.squareup.leakcanary:leakcanary-android:1.5] AndroidManifest.xml:54:13-82
	android:icon
		ADDED from [com.squareup.leakcanary:leakcanary-android:1.5] AndroidManifest.xml:53:13-54
	android:theme
		ADDED from [com.squareup.leakcanary:leakcanary-android:1.5] AndroidManifest.xml:56:13-65
	android:taskAffinity
		ADDED from [com.squareup.leakcanary:leakcanary-android:1.5] AndroidManifest.xml:55:13-59
	android:name
		ADDED from [com.squareup.leakcanary:leakcanary-android:1.5] AndroidManifest.xml:51:13-93
android:uses-permission#android.permission.READ_EXTERNAL_STORAGE
IMPLIED from src/main/AndroidManifest.xml:18:1-76:12 reason: com.squareup.leakcanary requested WRITE_EXTERNAL_STORAGE